SyntaxError: Bad control character in string literal in JSON at position 37 (line 1 column 38)
    at JSON.parse (<anonymous>)
    at parse (C:\Users\user\DHL3.0\knowledge-base-app\backend\node_modules\body-parser\lib\types\json.js:72:19)
    at C:\Users\user\DHL3.0\knowledge-base-app\backend\node_modules\body-parser\lib\read.js:162:18
    at AsyncResource.runInAsyncScope (node:async_hooks:214:14)
    at invokeCallback (C:\Users\user\DHL3.0\knowledge-base-app\backend\node_modules\raw-body\index.js:238:16)
    at done (C:\Users\user\DHL3.0\knowledge-base-app\backend\node_modules\raw-body\index.js:227:7)
    at IncomingMessage.onEnd (C:\Users\user\DHL3.0\knowledge-base-app\backend\node_modules\raw-body\index.js:287:7)
    at IncomingMessage.emit (node:events:508:28)
    at endReadableNT (node:internal/streams/readable:1701:12)
    at process.processTicksAndRejections (node:internal/process/task_queues:90:21)
SyntaxError: Bad control character in string literal in JSON at position 72 (line 1 column 73)
    at JSON.parse (<anonymous>)
    at parse (C:\Users\user\DHL3.0\knowledge-base-app\backend\node_modules\body-parser\lib\types\json.js:72:19)
    at C:\Users\user\DHL3.0\knowledge-base-app\backend\node_modules\body-parser\lib\read.js:162:18
    at AsyncResource.runInAsyncScope (node:async_hooks:214:14)
    at invokeCallback (C:\Users\user\DHL3.0\knowledge-base-app\backend\node_modules\raw-body\index.js:238:16)
    at done (C:\Users\user\DHL3.0\knowledge-base-app\backend\node_modules\raw-body\index.js:227:7)
    at IncomingMessage.onEnd (C:\Users\user\DHL3.0\knowledge-base-app\backend\node_modules\raw-body\index.js:287:7)
    at IncomingMessage.emit (node:events:508:28)
    at endReadableNT (node:internal/streams/readable:1701:12)
    at process.processTicksAndRejections (node:internal/process/task_queues:90:21)
SyntaxError: Bad control character in string literal in JSON at position 32 (line 1 column 33)
    at JSON.parse (<anonymous>)
    at parse (C:\Users\user\DHL3.0\knowledge-base-app\backend\node_modules\body-parser\lib\types\json.js:72:19)
    at C:\Users\user\DHL3.0\knowledge-base-app\backend\node_modules\body-parser\lib\read.js:162:18
    at AsyncResource.runInAsyncScope (node:async_hooks:214:14)
    at invokeCallback (C:\Users\user\DHL3.0\knowledge-base-app\backend\node_modules\raw-body\index.js:238:16)
    at done (C:\Users\user\DHL3.0\knowledge-base-app\backend\node_modules\raw-body\index.js:227:7)
    at IncomingMessage.onEnd (C:\Users\user\DHL3.0\knowledge-base-app\backend\node_modules\raw-body\index.js:287:7)
    at IncomingMessage.emit (node:events:508:28)
    at endReadableNT (node:internal/streams/readable:1701:12)
    at process.processTicksAndRejections (node:internal/process/task_queues:90:21)
SyntaxError: Bad control character in string literal in JSON at position 40 (line 1 column 41)
    at JSON.parse (<anonymous>)
    at parse (C:\Users\user\DHL3.0\knowledge-base-app\backend\node_modules\body-parser\lib\types\json.js:72:19)
    at C:\Users\user\DHL3.0\knowledge-base-app\backend\node_modules\body-parser\lib\read.js:162:18
    at AsyncResource.runInAsyncScope (node:async_hooks:214:14)
    at invokeCallback (C:\Users\user\DHL3.0\knowledge-base-app\backend\node_modules\raw-body\index.js:238:16)
    at done (C:\Users\user\DHL3.0\knowledge-base-app\backend\node_modules\raw-body\index.js:227:7)
    at IncomingMessage.onEnd (C:\Users\user\DHL3.0\knowledge-base-app\backend\node_modules\raw-body\index.js:287:7)
    at IncomingMessage.emit (node:events:508:28)
    at endReadableNT (node:internal/streams/readable:1701:12)
    at process.processTicksAndRejections (node:internal/process/task_queues:90:21)
SyntaxError: Bad control character in string literal in JSON at position 34 (line 1 column 35)
    at JSON.parse (<anonymous>)
    at parse (C:\Users\user\DHL3.0\knowledge-base-app\backend\node_modules\body-parser\lib\types\json.js:72:19)
    at C:\Users\user\DHL3.0\knowledge-base-app\backend\node_modules\body-parser\lib\read.js:162:18
    at AsyncResource.runInAsyncScope (node:async_hooks:214:14)
    at invokeCallback (C:\Users\user\DHL3.0\knowledge-base-app\backend\node_modules\raw-body\index.js:238:16)
    at done (C:\Users\user\DHL3.0\knowledge-base-app\backend\node_modules\raw-body\index.js:227:7)
    at IncomingMessage.onEnd (C:\Users\user\DHL3.0\knowledge-base-app\backend\node_modules\raw-body\index.js:287:7)
    at IncomingMessage.emit (node:events:508:28)
    at endReadableNT (node:internal/streams/readable:1701:12)
    at process.processTicksAndRejections (node:internal/process/task_queues:90:21)
SyntaxError: Bad control character in string literal in JSON at position 38 (line 1 column 39)
    at JSON.parse (<anonymous>)
    at parse (C:\Users\user\DHL3.0\knowledge-base-app\backend\node_modules\body-parser\lib\types\json.js:72:19)
    at C:\Users\user\DHL3.0\knowledge-base-app\backend\node_modules\body-parser\lib\read.js:162:18
    at AsyncResource.runInAsyncScope (node:async_hooks:214:14)
    at invokeCallback (C:\Users\user\DHL3.0\knowledge-base-app\backend\node_modules\raw-body\index.js:238:16)
    at done (C:\Users\user\DHL3.0\knowledge-base-app\backend\node_modules\raw-body\index.js:227:7)
    at IncomingMessage.onEnd (C:\Users\user\DHL3.0\knowledge-base-app\backend\node_modules\raw-body\index.js:287:7)
    at IncomingMessage.emit (node:events:508:28)
    at endReadableNT (node:internal/streams/readable:1701:12)
    at process.processTicksAndRejections (node:internal/process/task_queues:90:21)
SyntaxError: Bad control character in string literal in JSON at position 30 (line 1 column 31)
    at JSON.parse (<anonymous>)
    at parse (C:\Users\user\DHL3.0\knowledge-base-app\backend\node_modules\body-parser\lib\types\json.js:72:19)
    at C:\Users\user\DHL3.0\knowledge-base-app\backend\node_modules\body-parser\lib\read.js:162:18
    at AsyncResource.runInAsyncScope (node:async_hooks:214:14)
    at invokeCallback (C:\Users\user\DHL3.0\knowledge-base-app\backend\node_modules\raw-body\index.js:238:16)
    at done (C:\Users\user\DHL3.0\knowledge-base-app\backend\node_modules\raw-body\index.js:227:7)
    at IncomingMessage.onEnd (C:\Users\user\DHL3.0\knowledge-base-app\backend\node_modules\raw-body\index.js:287:7)
    at IncomingMessage.emit (node:events:508:28)
    at endReadableNT (node:internal/streams/readable:1701:12)
    at process.processTicksAndRejections (node:internal/process/task_queues:90:21)
SyntaxError: Bad control character in string literal in JSON at position 37 (line 1 column 38)
    at JSON.parse (<anonymous>)
    at parse (C:\Users\user\DHL3.0\knowledge-base-app\backend\node_modules\body-parser\lib\types\json.js:72:19)
    at C:\Users\user\DHL3.0\knowledge-base-app\backend\node_modules\body-parser\lib\read.js:162:18
    at AsyncResource.runInAsyncScope (node:async_hooks:214:14)
    at invokeCallback (C:\Users\user\DHL3.0\knowledge-base-app\backend\node_modules\raw-body\index.js:238:16)
    at done (C:\Users\user\DHL3.0\knowledge-base-app\backend\node_modules\raw-body\index.js:227:7)
    at IncomingMessage.onEnd (C:\Users\user\DHL3.0\knowledge-base-app\backend\node_modules\raw-body\index.js:287:7)
    at IncomingMessage.emit (node:events:508:28)
    at endReadableNT (node:internal/streams/readable:1701:12)
    at process.processTicksAndRejections (node:internal/process/task_queues:90:21)
SyntaxError: Bad control character in string literal in JSON at position 32 (line 1 column 33)
    at JSON.parse (<anonymous>)
    at parse (C:\Users\user\DHL3.0\knowledge-base-app\backend\node_modules\body-parser\lib\types\json.js:72:19)
    at C:\Users\user\DHL3.0\knowledge-base-app\backend\node_modules\body-parser\lib\read.js:162:18
    at AsyncResource.runInAsyncScope (node:async_hooks:214:14)
    at invokeCallback (C:\Users\user\DHL3.0\knowledge-base-app\backend\node_modules\raw-body\index.js:238:16)
    at done (C:\Users\user\DHL3.0\knowledge-base-app\backend\node_modules\raw-body\index.js:227:7)
    at IncomingMessage.onEnd (C:\Users\user\DHL3.0\knowledge-base-app\backend\node_modules\raw-body\index.js:287:7)
    at IncomingMessage.emit (node:events:508:28)
    at endReadableNT (node:internal/streams/readable:1701:12)
    at process.processTicksAndRejections (node:internal/process/task_queues:90:21)
SyntaxError: Bad control character in string literal in JSON at position 40 (line 1 column 41)
    at JSON.parse (<anonymous>)
    at parse (C:\Users\user\DHL3.0\knowledge-base-app\backend\node_modules\body-parser\lib\types\json.js:72:19)
    at C:\Users\user\DHL3.0\knowledge-base-app\backend\node_modules\body-parser\lib\read.js:162:18
    at AsyncResource.runInAsyncScope (node:async_hooks:214:14)
    at invokeCallback (C:\Users\user\DHL3.0\knowledge-base-app\backend\node_modules\raw-body\index.js:238:16)
    at done (C:\Users\user\DHL3.0\knowledge-base-app\backend\node_modules\raw-body\index.js:227:7)
    at IncomingMessage.onEnd (C:\Users\user\DHL3.0\knowledge-base-app\backend\node_modules\raw-body\index.js:287:7)
    at IncomingMessage.emit (node:events:508:28)
    at endReadableNT (node:internal/streams/readable:1701:12)
    at process.processTicksAndRejections (node:internal/process/task_queues:90:21)
SyntaxError: Bad control character in string literal in JSON at position 34 (line 1 column 35)
    at JSON.parse (<anonymous>)
    at parse (C:\Users\user\DHL3.0\knowledge-base-app\backend\node_modules\body-parser\lib\types\json.js:72:19)
    at C:\Users\user\DHL3.0\knowledge-base-app\backend\node_modules\body-parser\lib\read.js:162:18
    at AsyncResource.runInAsyncScope (node:async_hooks:214:14)
    at invokeCallback (C:\Users\user\DHL3.0\knowledge-base-app\backend\node_modules\raw-body\index.js:238:16)
    at done (C:\Users\user\DHL3.0\knowledge-base-app\backend\node_modules\raw-body\index.js:227:7)
    at IncomingMessage.onEnd (C:\Users\user\DHL3.0\knowledge-base-app\backend\node_modules\raw-body\index.js:287:7)
    at IncomingMessage.emit (node:events:508:28)
    at endReadableNT (node:internal/streams/readable:1701:12)
    at process.processTicksAndRejections (node:internal/process/task_queues:90:21)
SyntaxError: Bad control character in string literal in JSON at position 38 (line 1 column 39)
    at JSON.parse (<anonymous>)
    at parse (C:\Users\user\DHL3.0\knowledge-base-app\backend\node_modules\body-parser\lib\types\json.js:72:19)
    at C:\Users\user\DHL3.0\knowledge-base-app\backend\node_modules\body-parser\lib\read.js:162:18
    at AsyncResource.runInAsyncScope (node:async_hooks:214:14)
    at invokeCallback (C:\Users\user\DHL3.0\knowledge-base-app\backend\node_modules\raw-body\index.js:238:16)
    at done (C:\Users\user\DHL3.0\knowledge-base-app\backend\node_modules\raw-body\index.js:227:7)
    at IncomingMessage.onEnd (C:\Users\user\DHL3.0\knowledge-base-app\backend\node_modules\raw-body\index.js:287:7)
    at IncomingMessage.emit (node:events:508:28)
    at endReadableNT (node:internal/streams/readable:1701:12)
    at process.processTicksAndRejections (node:internal/process/task_queues:90:21)
SyntaxError: Bad control character in string literal in JSON at position 37 (line 1 column 38)
    at JSON.parse (<anonymous>)
    at parse (C:\Users\user\DHL3.0\knowledge-base-app\backend\node_modules\body-parser\lib\types\json.js:72:19)
    at C:\Users\user\DHL3.0\knowledge-base-app\backend\node_modules\body-parser\lib\read.js:162:18
    at AsyncResource.runInAsyncScope (node:async_hooks:214:14)
    at invokeCallback (C:\Users\user\DHL3.0\knowledge-base-app\backend\node_modules\raw-body\index.js:238:16)
    at done (C:\Users\user\DHL3.0\knowledge-base-app\backend\node_modules\raw-body\index.js:227:7)
    at IncomingMessage.onEnd (C:\Users\user\DHL3.0\knowledge-base-app\backend\node_modules\raw-body\index.js:287:7)
    at IncomingMessage.emit (node:events:508:28)
    at endReadableNT (node:internal/streams/readable:1701:12)
    at process.processTicksAndRejections (node:internal/process/task_queues:90:21)
SyntaxError: Bad control character in string literal in JSON at position 32 (line 1 column 33)
    at JSON.parse (<anonymous>)
    at parse (C:\Users\user\DHL3.0\knowledge-base-app\backend\node_modules\body-parser\lib\types\json.js:72:19)
    at C:\Users\user\DHL3.0\knowledge-base-app\backend\node_modules\body-parser\lib\read.js:162:18
    at AsyncResource.runInAsyncScope (node:async_hooks:214:14)
    at invokeCallback (C:\Users\user\DHL3.0\knowledge-base-app\backend\node_modules\raw-body\index.js:238:16)
    at done (C:\Users\user\DHL3.0\knowledge-base-app\backend\node_modules\raw-body\index.js:227:7)
    at IncomingMessage.onEnd (C:\Users\user\DHL3.0\knowledge-base-app\backend\node_modules\raw-body\index.js:287:7)
    at IncomingMessage.emit (node:events:508:28)
    at endReadableNT (node:internal/streams/readable:1701:12)
    at process.processTicksAndRejections (node:internal/process/task_queues:90:21)
SyntaxError: Bad control character in string literal in JSON at position 40 (line 1 column 41)
    at JSON.parse (<anonymous>)
    at parse (C:\Users\user\DHL3.0\knowledge-base-app\backend\node_modules\body-parser\lib\types\json.js:72:19)
    at C:\Users\user\DHL3.0\knowledge-base-app\backend\node_modules\body-parser\lib\read.js:162:18
    at AsyncResource.runInAsyncScope (node:async_hooks:214:14)
    at invokeCallback (C:\Users\user\DHL3.0\knowledge-base-app\backend\node_modules\raw-body\index.js:238:16)
    at done (C:\Users\user\DHL3.0\knowledge-base-app\backend\node_modules\raw-body\index.js:227:7)
    at IncomingMessage.onEnd (C:\Users\user\DHL3.0\knowledge-base-app\backend\node_modules\raw-body\index.js:287:7)
    at IncomingMessage.emit (node:events:508:28)
    at endReadableNT (node:internal/streams/readable:1701:12)
    at process.processTicksAndRejections (node:internal/process/task_queues:90:21)
SyntaxError: Bad control character in string literal in JSON at position 34 (line 1 column 35)
    at JSON.parse (<anonymous>)
    at parse (C:\Users\user\DHL3.0\knowledge-base-app\backend\node_modules\body-parser\lib\types\json.js:72:19)
    at C:\Users\user\DHL3.0\knowledge-base-app\backend\node_modules\body-parser\lib\read.js:162:18
    at AsyncResource.runInAsyncScope (node:async_hooks:214:14)
    at invokeCallback (C:\Users\user\DHL3.0\knowledge-base-app\backend\node_modules\raw-body\index.js:238:16)
    at done (C:\Users\user\DHL3.0\knowledge-base-app\backend\node_modules\raw-body\index.js:227:7)
    at IncomingMessage.onEnd (C:\Users\user\DHL3.0\knowledge-base-app\backend\node_modules\raw-body\index.js:287:7)
    at IncomingMessage.emit (node:events:508:28)
    at endReadableNT (node:internal/streams/readable:1701:12)
    at process.processTicksAndRejections (node:internal/process/task_queues:90:21)
SyntaxError: Bad control character in string literal in JSON at position 38 (line 1 column 39)
    at JSON.parse (<anonymous>)
    at parse (C:\Users\user\DHL3.0\knowledge-base-app\backend\node_modules\body-parser\lib\types\json.js:72:19)
    at C:\Users\user\DHL3.0\knowledge-base-app\backend\node_modules\body-parser\lib\read.js:162:18
    at AsyncResource.runInAsyncScope (node:async_hooks:214:14)
    at invokeCallback (C:\Users\user\DHL3.0\knowledge-base-app\backend\node_modules\raw-body\index.js:238:16)
    at done (C:\Users\user\DHL3.0\knowledge-base-app\backend\node_modules\raw-body\index.js:227:7)
    at IncomingMessage.onEnd (C:\Users\user\DHL3.0\knowledge-base-app\backend\node_modules\raw-body\index.js:287:7)
    at IncomingMessage.emit (node:events:508:28)
    at endReadableNT (node:internal/streams/readable:1701:12)
    at process.processTicksAndRejections (node:internal/process/task_queues:90:21)
SyntaxError: Bad control character in string literal in JSON at position 37 (line 1 column 38)
    at JSON.parse (<anonymous>)
    at parse (C:\Users\user\DHL3.0\knowledge-base-app\backend\node_modules\body-parser\lib\types\json.js:72:19)
    at C:\Users\user\DHL3.0\knowledge-base-app\backend\node_modules\body-parser\lib\read.js:162:18
    at AsyncResource.runInAsyncScope (node:async_hooks:214:14)
    at invokeCallback (C:\Users\user\DHL3.0\knowledge-base-app\backend\node_modules\raw-body\index.js:238:16)
    at done (C:\Users\user\DHL3.0\knowledge-base-app\backend\node_modules\raw-body\index.js:227:7)
    at IncomingMessage.onEnd (C:\Users\user\DHL3.0\knowledge-base-app\backend\node_modules\raw-body\index.js:287:7)
    at IncomingMessage.emit (node:events:508:28)
    at endReadableNT (node:internal/streams/readable:1701:12)
    at process.processTicksAndRejections (node:internal/process/task_queues:90:21)
SyntaxError: Bad control character in string literal in JSON at position 32 (line 1 column 33)
    at JSON.parse (<anonymous>)
    at parse (C:\Users\user\DHL3.0\knowledge-base-app\backend\node_modules\body-parser\lib\types\json.js:72:19)
    at C:\Users\user\DHL3.0\knowledge-base-app\backend\node_modules\body-parser\lib\read.js:162:18
    at AsyncResource.runInAsyncScope (node:async_hooks:214:14)
    at invokeCallback (C:\Users\user\DHL3.0\knowledge-base-app\backend\node_modules\raw-body\index.js:238:16)
    at done (C:\Users\user\DHL3.0\knowledge-base-app\backend\node_modules\raw-body\index.js:227:7)
    at IncomingMessage.onEnd (C:\Users\user\DHL3.0\knowledge-base-app\backend\node_modules\raw-body\index.js:287:7)
    at IncomingMessage.emit (node:events:508:28)
    at endReadableNT (node:internal/streams/readable:1701:12)
    at process.processTicksAndRejections (node:internal/process/task_queues:90:21)
SyntaxError: Bad control character in string literal in JSON at position 40 (line 1 column 41)
    at JSON.parse (<anonymous>)
    at parse (C:\Users\user\DHL3.0\knowledge-base-app\backend\node_modules\body-parser\lib\types\json.js:72:19)
    at C:\Users\user\DHL3.0\knowledge-base-app\backend\node_modules\body-parser\lib\read.js:162:18
    at AsyncResource.runInAsyncScope (node:async_hooks:214:14)
    at invokeCallback (C:\Users\user\DHL3.0\knowledge-base-app\backend\node_modules\raw-body\index.js:238:16)
    at done (C:\Users\user\DHL3.0\knowledge-base-app\backend\node_modules\raw-body\index.js:227:7)
    at IncomingMessage.onEnd (C:\Users\user\DHL3.0\knowledge-base-app\backend\node_modules\raw-body\index.js:287:7)
    at IncomingMessage.emit (node:events:508:28)
    at endReadableNT (node:internal/streams/readable:1701:12)
    at process.processTicksAndRejections (node:internal/process/task_queues:90:21)
SyntaxError: Bad control character in string literal in JSON at position 34 (line 1 column 35)
    at JSON.parse (<anonymous>)
    at parse (C:\Users\user\DHL3.0\knowledge-base-app\backend\node_modules\body-parser\lib\types\json.js:72:19)
    at C:\Users\user\DHL3.0\knowledge-base-app\backend\node_modules\body-parser\lib\read.js:162:18
    at AsyncResource.runInAsyncScope (node:async_hooks:214:14)
    at invokeCallback (C:\Users\user\DHL3.0\knowledge-base-app\backend\node_modules\raw-body\index.js:238:16)
    at done (C:\Users\user\DHL3.0\knowledge-base-app\backend\node_modules\raw-body\index.js:227:7)
    at IncomingMessage.onEnd (C:\Users\user\DHL3.0\knowledge-base-app\backend\node_modules\raw-body\index.js:287:7)
    at IncomingMessage.emit (node:events:508:28)
    at endReadableNT (node:internal/streams/readable:1701:12)
    at process.processTicksAndRejections (node:internal/process/task_queues:90:21)
SyntaxError: Bad control character in string literal in JSON at position 38 (line 1 column 39)
    at JSON.parse (<anonymous>)
    at parse (C:\Users\user\DHL3.0\knowledge-base-app\backend\node_modules\body-parser\lib\types\json.js:72:19)
    at C:\Users\user\DHL3.0\knowledge-base-app\backend\node_modules\body-parser\lib\read.js:162:18
    at AsyncResource.runInAsyncScope (node:async_hooks:214:14)
    at invokeCallback (C:\Users\user\DHL3.0\knowledge-base-app\backend\node_modules\raw-body\index.js:238:16)
    at done (C:\Users\user\DHL3.0\knowledge-base-app\backend\node_modules\raw-body\index.js:227:7)
    at IncomingMessage.onEnd (C:\Users\user\DHL3.0\knowledge-base-app\backend\node_modules\raw-body\index.js:287:7)
    at IncomingMessage.emit (node:events:508:28)
    at endReadableNT (node:internal/streams/readable:1701:12)
    at process.processTicksAndRejections (node:internal/process/task_queues:90:21)
